[debug] [2021-03-03T23:18:29.862Z] ----------------------------------------------------------------------
[debug] [2021-03-03T23:18:29.865Z] Command:       /usr/local/bin/node /usr/local/bin/firebase init hosting
[debug] [2021-03-03T23:18:29.865Z] CLI Version:   9.5.0
[debug] [2021-03-03T23:18:29.865Z] Platform:      linux
[debug] [2021-03-03T23:18:29.865Z] Node Version:  v15.3.0
[debug] [2021-03-03T23:18:29.865Z] Time:          Thu Mar 04 2021 09:48:29 GMT+1030 (Australian Central Daylight Time)
[debug] [2021-03-03T23:18:29.866Z] ----------------------------------------------------------------------
[debug] [2021-03-03T23:18:29.866Z] 
[debug] [2021-03-03T23:18:29.869Z] > command requires scopes: ["email","openid","https://www.googleapis.com/auth/cloudplatformprojects.readonly","https://www.googleapis.com/auth/firebase","https://www.googleapis.com/auth/cloud-platform"]
[debug] [2021-03-03T23:18:29.870Z] > authorizing via signed-in user
[info] 
     ######## #### ########  ######## ########     ###     ######  ########
     ##        ##  ##     ## ##       ##     ##  ##   ##  ##       ##
     ######    ##  ########  ######   ########  #########  ######  ######
     ##        ##  ##    ##  ##       ##     ## ##     ##       ## ##
     ##       #### ##     ## ######## ########  ##     ##  ######  ########

You're about to initialize a Firebase project in this directory:

  /home/marea/forms-app

[info] 
=== Project Setup
[info] 
[info] First, let's associate this project directory with a Firebase project.
[info] You can create multiple project aliases by running firebase use --add, 
[info] but for now we'll just set up a default project.
[info] 
[debug] [2021-03-03T23:18:34.354Z] > refreshing access token with scopes: []
[debug] [2021-03-03T23:18:34.355Z] >>> HTTP REQUEST POST https://www.googleapis.com/oauth2/v3/token  
 <request body omitted>
[debug] [2021-03-03T23:18:39.849Z] <<< HTTP RESPONSE 200 {"cache-control":"no-cache, no-store, max-age=0, must-revalidate","expires":"Mon, 01 Jan 1990 00:00:00 GMT","date":"Wed, 03 Mar 2021 23:18:39 GMT","pragma":"no-cache","content-type":"application/json; charset=utf-8","vary":"X-Origin, Referer, Origin,Accept-Encoding","server":"scaffolding on HTTPServer2","x-xss-protection":"0","x-frame-options":"SAMEORIGIN","x-content-type-options":"nosniff","alt-svc":"h3-29=\":443\"; ma=2592000,h3-T051=\":443\"; ma=2592000,h3-Q050=\":443\"; ma=2592000,h3-Q046=\":443\"; ma=2592000,h3-Q043=\":443\"; ma=2592000,quic=\":443\"; ma=2592000; v=\"46,43\"","accept-ranges":"none","transfer-encoding":"chunked"}
[debug] [2021-03-03T23:18:39.887Z] >>> [apiv2][query] GET https://firebase.googleapis.com/v1beta1/projects pageSize=100
[debug] [2021-03-03T23:18:40.573Z] <<< [apiv2][status] GET https://firebase.googleapis.com/v1beta1/projects 200
[debug] [2021-03-03T23:18:40.573Z] <<< [apiv2][body] GET https://firebase.googleapis.com/v1beta1/projects [omitted]
[info] i  Using project forms-82404 (forms) 
[info] 
=== Hosting Setup
[info] 
[info] Your public directory is the folder (relative to your project directory) that
[info] will contain Hosting assets to be uploaded with firebase deploy. If you
[info] have a build process for your assets, use your build's output directory.
[info] 
[debug] [2021-03-03T23:19:20.371Z] >>> [apiv2][query] GET https://www.gstatic.com/firebasejs/releases.json [none]
[debug] [2021-03-03T23:19:20.660Z] <<< [apiv2][status] GET https://www.gstatic.com/firebasejs/releases.json 200
[debug] [2021-03-03T23:19:20.660Z] <<< [apiv2][body] GET https://www.gstatic.com/firebasejs/releases.json {"current":{"version":"8.2.9","browserURL":"https://www.gstatic.com/firebasejs/8.2.9/firebase.js","packageURL":"https://www.gstatic.com/firebasejs/8.2.9/firebase.tgz"},"live":{"version":"8.2","browserURL":"https://www.gstatic.com/firebasejs/live/8.2/firebase.js","packageURL":"https://www.gstatic.com/firebasejs/live/8.2/firebase.tgz"},"components":{"analytics":"https://www.gstatic.com/firebasejs/8.2.9/firebase-analytics.js","app":"https://www.gstatic.com/firebasejs/8.2.9/firebase-app.js","auth":"https://www.gstatic.com/firebasejs/8.2.9/firebase-auth.js","database":"https://www.gstatic.com/firebasejs/8.2.9/firebase-database.js","firestore":"https://www.gstatic.com/firebasejs/8.2.9/firebase-firestore.js","functions":"https://www.gstatic.com/firebasejs/8.2.9/firebase-functions.js","installations":"https://www.gstatic.com/firebasejs/8.2.9/firebase-installations.js","messaging":"https://www.gstatic.com/firebasejs/8.2.9/firebase-messaging.js","storage":"https://www.gstatic.com/firebasejs/8.2.9/firebase-storage.js","performance":"https://www.gstatic.com/firebasejs/8.2.9/firebase-performance.js","remote-config":"https://www.gstatic.com/firebasejs/8.2.9/firebase-remote-config.js","firestore.memory":"https://www.gstatic.com/firebasejs/8.2.9/firebase-firestore.memory.js"}}
[info] ✔  Wrote public/index.html 
[info] 
[info] i  Detected a .git folder at /home/marea/forms-app 
[info] i  Authorizing with GitHub to upload your service account to a GitHub repository's secrets store. 
[info] 
[info] Visit this URL on this device to log in:
[info] https://github.com/login/oauth/authorize?client_id=89cf50f02ac6aaed3484&state=768800329&redirect_uri=http%3A%2F%2Flocalhost%3A9005&scope=read%3Auser%20repo%20public_repo
[info] 
[info] Waiting for authentication...
[debug] [2021-03-03T23:19:36.295Z] >>> HTTP REQUEST POST https://github.com/login/oauth/access_token  
 {"client_id":"89cf50f02ac6aaed3484","client_secret":"3330d14abc895d9a74d5f17cd7a00711fa2c5bf0","code":"08a041dc66d6d5e614f2","redirect_uri":"http://localhost:9005","state":"768800329"}
[debug] [2021-03-03T23:19:36.656Z] <<< HTTP RESPONSE 200 {"server":"GitHub.com","date":"Wed, 03 Mar 2021 23:19:36 GMT","content-type":"application/json; charset=utf-8","transfer-encoding":"chunked","vary":"X-PJAX, Accept-Encoding, Accept, X-Requested-With","etag":"W/\"7dc163b6d1d44ac343084b93a0b4e733\"","cache-control":"max-age=0, private, must-revalidate","strict-transport-security":"max-age=31536000; includeSubdomains; preload","x-frame-options":"deny","x-content-type-options":"nosniff","x-xss-protection":"1; mode=block","referrer-policy":"origin-when-cross-origin, strict-origin-when-cross-origin","expect-ct":"max-age=2592000, report-uri=\"https://api.github.com/_private/browser/errors\"","content-security-policy":"default-src 'none'; base-uri 'self'; block-all-mixed-content; connect-src 'self' uploads.github.com www.githubstatus.com collector.githubapp.com api.github.com github-cloud.s3.amazonaws.com github-production-repository-file-5c1aeb.s3.amazonaws.com github-production-upload-manifest-file-7fdce7.s3.amazonaws.com github-production-user-asset-6210df.s3.amazonaws.com cdn.optimizely.com logx.optimizely.com/v1/events wss://alive.github.com; font-src github.githubassets.com; form-action 'self' github.com gist.github.com; frame-ancestors 'none'; frame-src render.githubusercontent.com; img-src 'self' data: github.githubassets.com identicons.github.com collector.githubapp.com github-cloud.s3.amazonaws.com user-images.githubusercontent.com/ *.githubusercontent.com; manifest-src 'self'; media-src 'none'; script-src github.githubassets.com; style-src 'unsafe-inline' github.githubassets.com; worker-src github.com/socket-worker-5029ae85.js gist.github.com/socket-worker-5029ae85.js","x-github-request-id":"867E:28A0:5AD031:63E427:60401988"}
[debug] [2021-03-03T23:19:36.661Z] >>> [apiv2][query] GET https://api.github.com/user [none]
[debug] [2021-03-03T23:19:37.054Z] <<< [apiv2][status] GET https://api.github.com/user 200
[debug] [2021-03-03T23:19:37.054Z] <<< [apiv2][body] GET https://api.github.com/user {"login":"lollylegs","id":11155745,"node_id":"MDQ6VXNlcjExMTU1NzQ1","avatar_url":"https://avatars.githubusercontent.com/u/11155745?v=4","gravatar_id":"","url":"https://api.github.com/users/lollylegs","html_url":"https://github.com/lollylegs","followers_url":"https://api.github.com/users/lollylegs/followers","following_url":"https://api.github.com/users/lollylegs/following{/other_user}","gists_url":"https://api.github.com/users/lollylegs/gists{/gist_id}","starred_url":"https://api.github.com/users/lollylegs/starred{/owner}{/repo}","subscriptions_url":"https://api.github.com/users/lollylegs/subscriptions","organizations_url":"https://api.github.com/users/lollylegs/orgs","repos_url":"https://api.github.com/users/lollylegs/repos","events_url":"https://api.github.com/users/lollylegs/events{/privacy}","received_events_url":"https://api.github.com/users/lollylegs/received_events","type":"User","site_admin":false,"name":"lollylegs","company":null,"blog":"","location":null,"email":"nortonmarea@gmail.com","hireable":null,"bio":null,"twitter_username":null,"public_repos":7,"public_gists":0,"followers":0,"following":0,"created_at":"2015-02-23T07:22:52Z","updated_at":"2021-03-03T23:19:31Z","private_gists":0,"total_private_repos":0,"owned_private_repos":0,"disk_usage":10193,"collaborators":0,"two_factor_authentication":false,"plan":{"name":"free","space":976562499,"collaborators":0,"private_repos":10000}}
[info] 
[info] ✔  Success! Logged into GitHub as lollylegs 
[info] 
[debug] [2021-03-03T23:20:12.786Z] >>> [apiv2][query] GET https://api.github.com/repos//actions/secrets/public-key type=owner
[debug] [2021-03-03T23:20:13.120Z] <<< [apiv2][status] GET https://api.github.com/repos//actions/secrets/public-key 404
[debug] [2021-03-03T23:20:13.120Z] <<< [apiv2][body] GET https://api.github.com/repos//actions/secrets/public-key {"message":"Not Found","documentation_url":"https://docs.github.com/rest"}
[debug] [2021-03-03T23:20:32.458Z] >>> [apiv2][query] GET https://api.github.com/repos/lollylegs/actions/secrets/public-key type=owner
[debug] [2021-03-03T23:20:32.808Z] <<< [apiv2][status] GET https://api.github.com/repos/lollylegs/actions/secrets/public-key 404
[debug] [2021-03-03T23:20:32.808Z] <<< [apiv2][body] GET https://api.github.com/repos/lollylegs/actions/secrets/public-key {"message":"Not Found","documentation_url":"https://docs.github.com/rest"}
